<?xml version="1.0" encoding="UTF-8"?>
<coverage generated="1684102588580" clover="3.2.0">
  <project timestamp="1684102588580" name="All files">
    <metrics statements="13" coveredstatements="12" conditionals="6" coveredconditionals="5" methods="2" coveredmethods="2" elements="21" coveredelements="19" complexity="0" loc="13" ncloc="13" packages="2" files="2" classes="2"/>
    <package name="AtomButton">
      <metrics statements="10" coveredstatements="9" conditionals="6" coveredconditionals="5" methods="1" coveredmethods="1"/>
      <file name="AtomButton.jsx" path="D:\canal+\movie-hub\src\Atom\AtomButton\AtomButton.jsx">
        <metrics statements="10" coveredstatements="9" conditionals="6" coveredconditionals="5" methods="1" coveredmethods="1"/>
        <line num="6" count="5" type="stmt"/>
        <line num="7" count="5" type="cond" truecount="2" falsecount="0"/>
        <line num="8" count="4" type="stmt"/>
        <line num="10" count="5" type="cond" truecount="2" falsecount="0"/>
        <line num="11" count="1" type="stmt"/>
        <line num="13" count="5" type="cond" truecount="1" falsecount="1"/>
        <line num="14" count="0" type="stmt"/>
        <line num="16" count="5" type="stmt"/>
        <line num="29" count="1" type="stmt"/>
        <line num="37" count="1" type="stmt"/>
      </file>
    </package>
    <package name="AtomCard">
      <metrics statements="3" coveredstatements="3" conditionals="0" coveredconditionals="0" methods="1" coveredmethods="1"/>
      <file name="AtomCard.jsx" path="D:\canal+\movie-hub\src\Atom\AtomCard\AtomCard.jsx">
        <metrics statements="3" coveredstatements="3" conditionals="0" coveredconditionals="0" methods="1" coveredmethods="1"/>
        <line num="4" count="3" type="stmt"/>
        <line num="9" count="1" type="stmt"/>
        <line num="14" count="1" type="stmt"/>
      </file>
    </package>
  </project>
</coverage>
